 ELMFIRE 2025.1002
 Reading &MISCELLANEOUS namelist group
 Reading &INPUTS namelist group
 Reading &OUTPUTS namelist group
 Reading &COMPUTATIONAL_DOMAIN namelist group
 Reading &TIME_CONTROL namelist group
 Reading &SIMULATOR namelist group
 Reading &WUI namelist group
 Reading &CALIBRATION namelist group
 Reading &SUPPRESSION namelist group
 Reading &SPOTTING namelist group
 Reading &SMOKE namelist group
 Reading &MONTE_CARLO namelist group
 Reading headers for fuels/topography and weather rasters
/opt/homebrew/Cellar/gdal/3.12.3/bin/gdal_translate -of ENVI -co "INTERLEAVE=BSQ" ./inputs/fuels_and_topography/asp.tif ./scratch/asp.bsq
Input file size is 700, 700
0...10...20...30...40...50...60...70...80...90...100 - done.
/opt/homebrew/Cellar/gdal/3.12.3/bin/gdal_translate -of ENVI -co "INTERLEAVE=BSQ" ./inputs/weather/ws.tif ./scratch/ws.bsq
Input file size is 700, 700
0...10...20...30...40...50...60...70...80...90...100 - done.
 Setting up shared memory, part 1
 Reading weather, fuel, and topography rasters
/opt/homebrew/Cellar/gdal/3.12.3/bin/gdal_translate -of ENVI -co "INTERLEAVE=BSQ" ./inputs/weather/ws.tif ./scratch/ws.bsq
Input file size is 700, 700
0...10...20...30...40...50...60...70...80...90...100 - done.
/opt/homebrew/Cellar/gdal/3.12.3/bin/gdal_translate -of ENVI -co "INTERLEAVE=BSQ" ./inputs/weather/wd.tif ./scratch/wd.bsq
Input file size is 700, 700
0...10...20...30...40...50...60...70...80...90...100 - done.
/opt/homebrew/Cellar/gdal/3.12.3/bin/gdal_translate -of ENVI -co "INTERLEAVE=BSQ" ./inputs/weather/wd.tif ./scratch/wd.bsq
Input file size is 700, 700
0...10...20...30...40...50...60...70...80...90...100 - done.
/opt/homebrew/Cellar/gdal/3.12.3/bin/gdal_translate -of ENVI -co "INTERLEAVE=BSQ" ./inputs/weather/m1.tif ./scratch/m1.bsq
Input file size is 700, 700
0...10...20...30...40...50...60...70...80...90...100 - done.
/opt/homebrew/Cellar/gdal/3.12.3/bin/gdal_translate -of ENVI -co "INTERLEAVE=BSQ" ./inputs/weather/m1.tif ./scratch/m1.bsq
Input file size is 700, 700
0...10...20...30...40...50...60...70...80...90...100 - done.
/opt/homebrew/Cellar/gdal/3.12.3/bin/gdal_translate -of ENVI -co "INTERLEAVE=BSQ" ./inputs/weather/m10.tif ./scratch/m10.bsq
Input file size is 700, 700
0...10...20...30...40...50...60...70...80...90...100 - done.
/opt/homebrew/Cellar/gdal/3.12.3/bin/gdal_translate -of ENVI -co "INTERLEAVE=BSQ" ./inputs/weather/m10.tif ./scratch/m10.bsq
Input file size is 700, 700
0...10...20...30...40...50...60...70...80...90...100 - done.
/opt/homebrew/Cellar/gdal/3.12.3/bin/gdal_translate -of ENVI -co "INTERLEAVE=BSQ" ./inputs/weather/m100.tif ./scratch/m100.bsq
Input file size is 700, 700
0...10...20...30...40...50...60...70...80...90...100 - done.
/opt/homebrew/Cellar/gdal/3.12.3/bin/gdal_translate -of ENVI -co "INTERLEAVE=BSQ" ./inputs/weather/m100.tif ./scratch/m100.bsq
Input file size is 700, 700
0...10...20...30...40...50...60...70...80...90...100 - done.
 Reading fuel and topography rasters
/opt/homebrew/Cellar/gdal/3.12.3/bin/gdal_translate -of ENVI -co "INTERLEAVE=BSQ" ./inputs/fuels_and_topography/asp.tif ./scratch/asp.bsq
Input file size is 700, 700
0...10...20...30...40...50...60...70...80...90...100 - done.
/opt/homebrew/Cellar/gdal/3.12.3/bin/gdal_translate -of ENVI -co "INTERLEAVE=BSQ" ./inputs/fuels_and_topography/cbh.tif ./scratch/cbh.bsq
Input file size is 700, 700
0...10...20...30...40...50...60...70...80...90...100 - done.
/opt/homebrew/Cellar/gdal/3.12.3/bin/gdal_translate -of ENVI -co "INTERLEAVE=BSQ" ./inputs/fuels_and_topography/cbh.tif ./scratch/cbh.bsq
Input file size is 700, 700
0...10...20...30...40...50...60...70...80...90...100 - done.
/opt/homebrew/Cellar/gdal/3.12.3/bin/gdal_translate -of ENVI -co "INTERLEAVE=BSQ" ./inputs/fuels_and_topography/cbd.tif ./scratch/cbd.bsq
Input file size is 700, 700
0...10...20...30...40...50...60...70...80...90...100 - done.
/opt/homebrew/Cellar/gdal/3.12.3/bin/gdal_translate -of ENVI -co "INTERLEAVE=BSQ" ./inputs/fuels_and_topography/cbd.tif ./scratch/cbd.bsq
Input file size is 700, 700
0...10...20...30...40...50...60...70...80...90...100 - done.
/opt/homebrew/Cellar/gdal/3.12.3/bin/gdal_translate -of ENVI -co "INTERLEAVE=BSQ" ./inputs/fuels_and_topography/cc.tif ./scratch/cc.bsq
Input file size is 700, 700
0...10...20...30...40...50...60...70...80...90...100 - done.
/opt/homebrew/Cellar/gdal/3.12.3/bin/gdal_translate -of ENVI -co "INTERLEAVE=BSQ" ./inputs/fuels_and_topography/cc.tif ./scratch/cc.bsq
Input file size is 700, 700
0...10...20...30...40...50...60...70...80...90...100 - done.
/opt/homebrew/Cellar/gdal/3.12.3/bin/gdal_translate -of ENVI -co "INTERLEAVE=BSQ" ./inputs/fuels_and_topography/ch.tif ./scratch/ch.bsq
Input file size is 700, 700
0...10...20...30...40...50...60...70...80...90...100 - done.
/opt/homebrew/Cellar/gdal/3.12.3/bin/gdal_translate -of ENVI -co "INTERLEAVE=BSQ" ./inputs/fuels_and_topography/ch.tif ./scratch/ch.bsq
Input file size is 700, 700
0...10...20...30...40...50...60...70...80...90...100 - done.
/opt/homebrew/Cellar/gdal/3.12.3/bin/gdal_translate -of ENVI -co "INTERLEAVE=BSQ" ./inputs/fuels_and_topography/dem.tif ./scratch/dem.bsq
Input file size is 700, 700
0...10...20...30...40...50...60...70...80...90...100 - done.
/opt/homebrew/Cellar/gdal/3.12.3/bin/gdal_translate -of ENVI -co "INTERLEAVE=BSQ" ./inputs/fuels_and_topography/dem.tif ./scratch/dem.bsq
Input file size is 700, 700
0...10...20...30...40...50...60...70...80...90...100 - done.
/opt/homebrew/Cellar/gdal/3.12.3/bin/gdal_translate -of ENVI -co "INTERLEAVE=BSQ" ./inputs/fuels_and_topography/fbfm40.tif ./scratch/fbfm40.bsq
Input file size is 700, 700
0...10...20...30...40...50...60...70...80...90...100 - done.
/opt/homebrew/Cellar/gdal/3.12.3/bin/gdal_translate -of ENVI -co "INTERLEAVE=BSQ" ./inputs/fuels_and_topography/fbfm40.tif ./scratch/fbfm40.bsq
Input file size is 700, 700
0...10...20...30...40...50...60...70...80...90...100 - done.
/opt/homebrew/Cellar/gdal/3.12.3/bin/gdal_translate -of ENVI -co "INTERLEAVE=BSQ" ./inputs/fuels_and_topography/slp.tif ./scratch/slp.bsq
Input file size is 700, 700
0...10...20...30...40...50...60...70...80...90...100 - done.
/opt/homebrew/Cellar/gdal/3.12.3/bin/gdal_translate -of ENVI -co "INTERLEAVE=BSQ" ./inputs/fuels_and_topography/slp.tif ./scratch/slp.bsq
Input file size is 700, 700
0...10...20...30...40...50...60...70...80...90...100 - done.
/opt/homebrew/Cellar/gdal/3.12.3/bin/gdal_translate -of ENVI -co "INTERLEAVE=BSQ" ./inputs/fuels_and_topography/adj.tif ./scratch/adj.bsq
Input file size is 700, 700
0...10...20...30...40...50...60...70...80...90...100 - done.
/opt/homebrew/Cellar/gdal/3.12.3/bin/gdal_translate -of ENVI -co "INTERLEAVE=BSQ" ./inputs/fuels_and_topography/adj.tif ./scratch/adj.bsq
Input file size is 700, 700
0...10...20...30...40...50...60...70...80...90...100 - done.
/opt/homebrew/Cellar/gdal/3.12.3/bin/gdal_translate -of ENVI -co "INTERLEAVE=BSQ" ./inputs/fuels_and_topography/phi.tif ./scratch/phi.bsq
Input file size is 700, 700
0...10...20...30...40...50...60...70...80...90...100 - done.
/opt/homebrew/Cellar/gdal/3.12.3/bin/gdal_translate -of ENVI -co "INTERLEAVE=BSQ" ./inputs/fuels_and_topography/phi.tif ./scratch/phi.bsq
Input file size is 700, 700
0...10...20...30...40...50...60...70...80...90...100 - done.
 Determining number of cases to run
 Allocating additional rasters
 Setting up shared memory, part 2
 Setting up statistics arrays
 ELMFIRE is running each ensemble member
Meteorology band      1: Case #       1 complete.  Fire area:   6449.2 acres.
 End of simulation reached successfully. Shutting down.
